<?xml version="1.0" encoding="UTF-8"?>
<!-- Generated by org.testng.reporters.JUnitXMLReporter -->
<testsuite hostname="Andreys-Air.fios-router.home" name="Default test" tests="3" failures="0" timestamp="1 Sep 2019 14:22:38 GMT" time="20.067" errors="0">
  <testcase name="feature" time="8.561" classname="runners.MainRunner"/>
  <testcase name="feature" time="4.894" classname="runners.MainRunner"/>
  <testcase name="feature" time="5.42" classname="runners.MainRunner"/>
</testsuite> <!-- Default test -->
