-------------------------------------------------------------------------------
Test set: TestSuite
-------------------------------------------------------------------------------
Tests run: 3, Failures: 1, Errors: 0, Skipped: 0, Time elapsed: 22.758 sec <<< FAILURE! - in TestSuite
feature(runners.MainRunner)  Time elapsed: 8.423 sec  <<< FAILURE!
cucumber.runtime.CucumberException: java.lang.NullPointerException
Caused by: java.lang.NullPointerException

