<?xml version="1.0" encoding="UTF-8"?>
<testng-results skipped="0" failed="0" total="3" passed="3">
  <reporter-output>
  </reporter-output>
  <suite name="Advanced Cucumber Framework" duration-ms="18051" started-at="2019-09-01T14:39:38Z" finished-at="2019-09-01T14:39:56Z">
    <groups>
      <group name="cucumber">
        <method signature="AbstractTestNGCucumberTests.feature(cucumber.api.testng.CucumberFeatureWrapper)[pri:0, instance:runners.MainRunner@4590c9c3]" name="feature" class="cucumber.api.testng.AbstractTestNGCucumberTests"/>
      </group> <!-- cucumber -->
    </groups>
    <test name="Advanced Cucumber Tests" duration-ms="18051" started-at="2019-09-01T14:39:38Z" finished-at="2019-09-01T14:39:56Z">
      <class name="runners.MainRunner">
        <test-method status="PASS" signature="setUpClass()[pri:0, instance:runners.MainRunner@4590c9c3]" name="setUpClass" is-config="true" duration-ms="274" started-at="2019-09-01T10:39:38Z" finished-at="2019-09-01T10:39:39Z">
          <reporter-output>
          </reporter-output>
        </test-method> <!-- setUpClass -->
        <test-method status="PASS" signature="feature(cucumber.api.testng.CucumberFeatureWrapper)[pri:0, instance:runners.MainRunner@4590c9c3]" name="feature" duration-ms="8425" started-at="2019-09-01T10:39:39Z" description="Runs Cucumber Feature" data-provider="features" finished-at="2019-09-01T10:39:47Z">
          <params>
            <param index="0">
              <value>
                <![CDATA[Login to account]]>
              </value>
            </param>
          </params>
          <reporter-output>
          </reporter-output>
        </test-method> <!-- feature -->
        <test-method status="PASS" signature="feature(cucumber.api.testng.CucumberFeatureWrapper)[pri:0, instance:runners.MainRunner@4590c9c3]" name="feature" duration-ms="4532" started-at="2019-09-01T10:39:47Z" description="Runs Cucumber Feature" data-provider="features" finished-at="2019-09-01T10:39:52Z">
          <params>
            <param index="0">
              <value>
                <![CDATA[Submit user info usin Contact Us form]]>
              </value>
            </param>
          </params>
          <reporter-output>
          </reporter-output>
        </test-method> <!-- feature -->
        <test-method status="PASS" signature="feature(cucumber.api.testng.CucumberFeatureWrapper)[pri:0, instance:runners.MainRunner@4590c9c3]" name="feature" duration-ms="4284" started-at="2019-09-01T10:39:52Z" description="Runs Cucumber Feature" data-provider="features" finished-at="2019-09-01T10:39:56Z">
          <params>
            <param index="0">
              <value>
                <![CDATA[Products]]>
              </value>
            </param>
          </params>
          <reporter-output>
          </reporter-output>
        </test-method> <!-- feature -->
        <test-method status="PASS" signature="tearDownClass()[pri:0, instance:runners.MainRunner@4590c9c3]" name="tearDownClass" is-config="true" duration-ms="430" started-at="2019-09-01T10:39:56Z" finished-at="2019-09-01T10:39:56Z">
          <reporter-output>
          </reporter-output>
        </test-method> <!-- tearDownClass -->
      </class> <!-- runners.MainRunner -->
    </test> <!-- Advanced Cucumber Tests -->
  </suite> <!-- Advanced Cucumber Framework -->
</testng-results>
