<?xml version="1.0" encoding="UTF-8"?>
<testng-results skipped="0" failed="0" total="2" passed="2">
  <reporter-output>
  </reporter-output>
  <suite name="Advanced Cucumber Framework" duration-ms="12622" started-at="2019-08-27T02:53:49Z" finished-at="2019-08-27T02:54:02Z">
    <groups>
      <group name="cucumber">
        <method signature="AbstractTestNGCucumberTests.feature(cucumber.api.testng.CucumberFeatureWrapper)[pri:0, instance:runners.MainRunner@4b952a2d]" name="feature" class="cucumber.api.testng.AbstractTestNGCucumberTests"/>
      </group> <!-- cucumber -->
    </groups>
    <test name="Cucumber Tests" duration-ms="12622" started-at="2019-08-27T02:53:49Z" finished-at="2019-08-27T02:54:02Z">
      <class name="runners.MainRunner">
        <test-method status="PASS" signature="setUpClass()[pri:0, instance:runners.MainRunner@4b952a2d]" name="setUpClass" is-config="true" duration-ms="289" started-at="2019-08-26T22:53:49Z" finished-at="2019-08-26T22:53:49Z">
          <reporter-output>
          </reporter-output>
        </test-method> <!-- setUpClass -->
        <test-method status="PASS" signature="feature(cucumber.api.testng.CucumberFeatureWrapper)[pri:0, instance:runners.MainRunner@4b952a2d]" name="feature" duration-ms="6131" started-at="2019-08-26T22:53:49Z" description="Runs Cucumber Feature" data-provider="features" finished-at="2019-08-26T22:53:56Z">
          <params>
            <param index="0">
              <value>
                <![CDATA[Submit user info usin Contact Us form]]>
              </value>
            </param>
          </params>
          <reporter-output>
          </reporter-output>
        </test-method> <!-- feature -->
        <test-method status="PASS" signature="feature(cucumber.api.testng.CucumberFeatureWrapper)[pri:0, instance:runners.MainRunner@4b952a2d]" name="feature" duration-ms="5628" started-at="2019-08-26T22:53:56Z" description="Runs Cucumber Feature" data-provider="features" finished-at="2019-08-26T22:54:01Z">
          <params>
            <param index="0">
              <value>
                <![CDATA[Products]]>
              </value>
            </param>
          </params>
          <reporter-output>
          </reporter-output>
        </test-method> <!-- feature -->
        <test-method status="PASS" signature="tearDownClass()[pri:0, instance:runners.MainRunner@4b952a2d]" name="tearDownClass" is-config="true" duration-ms="464" started-at="2019-08-26T22:54:01Z" finished-at="2019-08-26T22:54:02Z">
          <reporter-output>
          </reporter-output>
        </test-method> <!-- tearDownClass -->
      </class> <!-- runners.MainRunner -->
    </test> <!-- Cucumber Tests -->
  </suite> <!-- Advanced Cucumber Framework -->
</testng-results>
