<?xml version="1.0" encoding="UTF-8"?>
<testng-results skipped="0" failed="0" total="3" passed="3">
  <reporter-output>
  </reporter-output>
  <suite name="Default suite" duration-ms="20067" started-at="2019-09-01T14:22:18Z" finished-at="2019-09-01T14:22:38Z">
    <groups>
      <group name="cucumber">
        <method signature="AbstractTestNGCucumberTests.feature(cucumber.api.testng.CucumberFeatureWrapper)[pri:0, instance:runners.MainRunner@4b952a2d]" name="feature" class="cucumber.api.testng.AbstractTestNGCucumberTests"/>
      </group> <!-- cucumber -->
    </groups>
    <test name="Default test" duration-ms="20067" started-at="2019-09-01T14:22:18Z" finished-at="2019-09-01T14:22:38Z">
      <class name="runners.MainRunner">
        <test-method status="PASS" signature="setUpClass()[pri:0, instance:runners.MainRunner@4b952a2d]" name="setUpClass" is-config="true" duration-ms="473" started-at="2019-09-01T10:22:18Z" finished-at="2019-09-01T10:22:18Z">
          <reporter-output>
          </reporter-output>
        </test-method> <!-- setUpClass -->
        <test-method status="PASS" signature="feature(cucumber.api.testng.CucumberFeatureWrapper)[pri:0, instance:runners.MainRunner@4b952a2d]" name="feature" duration-ms="8561" started-at="2019-09-01T10:22:18Z" description="Runs Cucumber Feature" data-provider="features" finished-at="2019-09-01T10:22:27Z">
          <params>
            <param index="0">
              <value>
                <![CDATA[Login to account]]>
              </value>
            </param>
          </params>
          <reporter-output>
          </reporter-output>
        </test-method> <!-- feature -->
        <test-method status="PASS" signature="feature(cucumber.api.testng.CucumberFeatureWrapper)[pri:0, instance:runners.MainRunner@4b952a2d]" name="feature" duration-ms="4894" started-at="2019-09-01T10:22:27Z" description="Runs Cucumber Feature" data-provider="features" finished-at="2019-09-01T10:22:32Z">
          <params>
            <param index="0">
              <value>
                <![CDATA[Submit user info usin Contact Us form]]>
              </value>
            </param>
          </params>
          <reporter-output>
          </reporter-output>
        </test-method> <!-- feature -->
        <test-method status="PASS" signature="feature(cucumber.api.testng.CucumberFeatureWrapper)[pri:0, instance:runners.MainRunner@4b952a2d]" name="feature" duration-ms="5420" started-at="2019-09-01T10:22:32Z" description="Runs Cucumber Feature" data-provider="features" finished-at="2019-09-01T10:22:37Z">
          <params>
            <param index="0">
              <value>
                <![CDATA[Products]]>
              </value>
            </param>
          </params>
          <reporter-output>
          </reporter-output>
        </test-method> <!-- feature -->
        <test-method status="PASS" signature="tearDownClass()[pri:0, instance:runners.MainRunner@4b952a2d]" name="tearDownClass" is-config="true" duration-ms="558" started-at="2019-09-01T10:22:37Z" finished-at="2019-09-01T10:22:38Z">
          <reporter-output>
          </reporter-output>
        </test-method> <!-- tearDownClass -->
      </class> <!-- runners.MainRunner -->
    </test> <!-- Default test -->
  </suite> <!-- Default suite -->
</testng-results>
